<?xml version="1.0" encoding="utf-8"?>
<TestRun id="0610e617-b6a4-4fbf-8f0d-d2961c4e2a60" name="Rashik Mahmud@DESKTOP-0FDT4U4 2026-02-18 11:36:34" runUser="DESKTOP-0FDT4U4\Rashik Mahmud" xmlns="http://microsoft.com/schemas/VisualStudio/TeamTest/2010">
  <Times creation="2026-02-18T11:36:34.1920990+06:00" queuing="2026-02-18T11:36:34.1920994+06:00" start="2026-02-18T11:36:33.8197579+06:00" finish="2026-02-18T11:36:34.1939000+06:00" />
  <TestSettings name="default" id="6142b74a-5283-4b0d-9e21-2dd86f6ba0d8">
    <Deployment runDeploymentRoot="Rashik_Mahmud_DESKTOP-0FDT4U4_2026-02-18_11_36_34" />
  </TestSettings>
  <TestLists>
    <TestList name="Results Not in a List" id="8c84fa94-04c1-424b-9868-57a2d4851a1d" />
    <TestList name="All Loaded Results" id="19431567-8539-422a-85d7-44ee4e166bda" />
  </TestLists>
  <ResultSummary outcome="Failed">
    <Counters total="0" executed="0" passed="0" failed="0" error="0" timeout="0" aborted="0" inconclusive="0" passedButRunAborted="0" notRunnable="0" notExecuted="0" disconnected="0" warning="0" completed="0" inProgress="0" pending="0" />
    <Output>
      <StdOut>Error:&#xD;
  An assembly specified in the application dependencies manifest (testhost.deps.json) was not found:&#xD;
    package: 'testhost', version: '18.0.1-release-25612-105'&#xD;
    path: 'testhost.dll'&#xD;
</StdOut>
    </Output>
    <RunInfos>
      <RunInfo computerName="DESKTOP-0FDT4U4" outcome="Error" timestamp="2026-02-18T11:36:34.1102607+06:00">
        <Text>Testhost process for source(s) 'D:\Rashik_Mahmud\VS\LogReg-Identity\LogReg-Identity\bin\Debug\net10.0\LogReg-Identity.dll' exited with error: Error:&#xD;
  An assembly specified in the application dependencies manifest (testhost.deps.json) was not found:&#xD;
    package: 'testhost', version: '18.0.1-release-25612-105'&#xD;
    path: 'testhost.dll'&#xD;
. Please check the diagnostic logs for more information.</Text>
      </RunInfo>
    </RunInfos>
  </ResultSummary>
</TestRun>