<?xml version="1.0" encoding="utf-8"?>
<TestRun id="8ca2e56b-aa7e-48ed-8523-13673639fa97" name="Rashik Mahmud@DESKTOP-0FDT4U4 2026-02-18 11:37:28" runUser="DESKTOP-0FDT4U4\Rashik Mahmud" xmlns="http://microsoft.com/schemas/VisualStudio/TeamTest/2010">
  <Times creation="2026-02-18T11:37:28.9339956+06:00" queuing="2026-02-18T11:37:28.9339961+06:00" start="2026-02-18T11:37:26.1957879+06:00" finish="2026-02-18T11:37:32.1009174+06:00" />
  <TestSettings name="default" id="260021ed-3a26-472d-ab91-2a20724149c8">
    <Deployment runDeploymentRoot="Rashik_Mahmud_DESKTOP-0FDT4U4_2026-02-18_11_37_28" />
  </TestSettings>
  <Results>
    <UnitTestResult executionId="3a6fe484-85fd-4a00-b2d4-2a9babf3698d" testId="13ee960e-57fe-c1aa-514c-5e9875bc2135" testName="AccountControllerTests.Login_ValidUser_ShouldRedirectToHome" computerName="DESKTOP-0FDT4U4" duration="00:00:00.0101784" startTime="2026-02-18T11:37:28.7524318+06:00" endTime="2026-02-18T11:37:28.7524323+06:00" testType="13cdc9d9-ddb5-4fa4-a97d-d965ccfc6d4b" outcome="Passed" testListId="8c84fa94-04c1-424b-9868-57a2d4851a1d" relativeResultsDirectory="3a6fe484-85fd-4a00-b2d4-2a9babf3698d" />
    <UnitTestResult executionId="b5664459-00d6-4890-9cfd-40bbcb6c727e" testId="90b7906e-8ac4-1893-2b16-2568445a1499" testName="AccountControllerTests.Login_InvalidUser_ShouldReturnPageWithModelError" computerName="DESKTOP-0FDT4U4" duration="00:00:00.6708444" startTime="2026-02-18T11:37:28.7413017+06:00" endTime="2026-02-18T11:37:28.7413657+06:00" testType="13cdc9d9-ddb5-4fa4-a97d-d965ccfc6d4b" outcome="Passed" testListId="8c84fa94-04c1-424b-9868-57a2d4851a1d" relativeResultsDirectory="b5664459-00d6-4890-9cfd-40bbcb6c727e" />
    <UnitTestResult executionId="4e9c09ed-b6f5-4ca5-a85f-4de7a0e29c97" testId="a9b2230a-b29e-e820-e8db-e35483948291" testName="LogReg_Identity_Test.UserRoleAssignmentTests.AssignRoleToUser_ShouldSucceed" computerName="DESKTOP-0FDT4U4" duration="00:00:03.8430978" startTime="2026-02-18T11:37:31.9306202+06:00" endTime="2026-02-18T11:37:31.9306206+06:00" testType="13cdc9d9-ddb5-4fa4-a97d-d965ccfc6d4b" outcome="Passed" testListId="8c84fa94-04c1-424b-9868-57a2d4851a1d" relativeResultsDirectory="4e9c09ed-b6f5-4ca5-a85f-4de7a0e29c97" />
  </Results>
  <TestDefinitions>
    <UnitTest name="AccountControllerTests.Login_InvalidUser_ShouldReturnPageWithModelError" storage="d:\rashik_mahmud\vs\logreg-identity\logreg-identity-test\bin\debug\net10.0\logreg-identity-test.dll" id="90b7906e-8ac4-1893-2b16-2568445a1499">
      <Execution id="b5664459-00d6-4890-9cfd-40bbcb6c727e" />
      <TestMethod codeBase="D:\Rashik_Mahmud\VS\LogReg-Identity\LogReg-Identity-Test\bin\Debug\net10.0\LogReg-Identity-Test.dll" adapterTypeName="executor://xunit/VsTestRunner2/netcoreapp" className="AccountControllerTests" name="Login_InvalidUser_ShouldReturnPageWithModelError" />
    </UnitTest>
    <UnitTest name="AccountControllerTests.Login_ValidUser_ShouldRedirectToHome" storage="d:\rashik_mahmud\vs\logreg-identity\logreg-identity-test\bin\debug\net10.0\logreg-identity-test.dll" id="13ee960e-57fe-c1aa-514c-5e9875bc2135">
      <Execution id="3a6fe484-85fd-4a00-b2d4-2a9babf3698d" />
      <TestMethod codeBase="D:\Rashik_Mahmud\VS\LogReg-Identity\LogReg-Identity-Test\bin\Debug\net10.0\LogReg-Identity-Test.dll" adapterTypeName="executor://xunit/VsTestRunner2/netcoreapp" className="AccountControllerTests" name="Login_ValidUser_ShouldRedirectToHome" />
    </UnitTest>
    <UnitTest name="LogReg_Identity_Test.UserRoleAssignmentTests.AssignRoleToUser_ShouldSucceed" storage="d:\rashik_mahmud\vs\logreg-identity\logreg-identity-test\bin\debug\net10.0\logreg-identity-test.dll" id="a9b2230a-b29e-e820-e8db-e35483948291">
      <Execution id="4e9c09ed-b6f5-4ca5-a85f-4de7a0e29c97" />
      <TestMethod codeBase="D:\Rashik_Mahmud\VS\LogReg-Identity\LogReg-Identity-Test\bin\Debug\net10.0\LogReg-Identity-Test.dll" adapterTypeName="executor://xunit/VsTestRunner2/netcoreapp" className="LogReg_Identity_Test.UserRoleAssignmentTests" name="AssignRoleToUser_ShouldSucceed" />
    </UnitTest>
  </TestDefinitions>
  <TestEntries>
    <TestEntry testId="13ee960e-57fe-c1aa-514c-5e9875bc2135" executionId="3a6fe484-85fd-4a00-b2d4-2a9babf3698d" testListId="8c84fa94-04c1-424b-9868-57a2d4851a1d" />
    <TestEntry testId="90b7906e-8ac4-1893-2b16-2568445a1499" executionId="b5664459-00d6-4890-9cfd-40bbcb6c727e" testListId="8c84fa94-04c1-424b-9868-57a2d4851a1d" />
    <TestEntry testId="a9b2230a-b29e-e820-e8db-e35483948291" executionId="4e9c09ed-b6f5-4ca5-a85f-4de7a0e29c97" testListId="8c84fa94-04c1-424b-9868-57a2d4851a1d" />
  </TestEntries>
  <TestLists>
    <TestList name="Results Not in a List" id="8c84fa94-04c1-424b-9868-57a2d4851a1d" />
    <TestList name="All Loaded Results" id="19431567-8539-422a-85d7-44ee4e166bda" />
  </TestLists>
  <ResultSummary outcome="Completed">
    <Counters total="3" executed="3" passed="3" failed="0" error="0" timeout="0" aborted="0" inconclusive="0" passedButRunAborted="0" notRunnable="0" notExecuted="0" disconnected="0" warning="0" completed="0" inProgress="0" pending="0" />
    <Output>
      <StdOut>[xUnit.net 00:00:00.00] xUnit.net VSTest Adapter v2.8.2+699d445a1a (64-bit .NET 10.0.2)&#xD;
[xUnit.net 00:00:00.29]   Discovering: LogReg-Identity-Test&#xD;
[xUnit.net 00:00:00.43]   Discovered:  LogReg-Identity-Test&#xD;
[xUnit.net 00:00:00.45]   Starting:    LogReg-Identity-Test&#xD;
[xUnit.net 00:00:04.45]   Finished:    LogReg-Identity-Test&#xD;
</StdOut>
    </Output>
  </ResultSummary>
</TestRun>